[  0.000000] Initializing cgroup subsys cpuset
[    0.000000] Initializing cgroup subsys cpu
[    0.000000] Initializing cgroup subsys cpuacct
[    0..000000] Linux version 4.4.0-141-generic (buildd@lcy01-amd64-006) (gcc version 5.4.0 20160609 (Ubuntu 5.4.0-6ubuntu1~16.04.10) ) #167-Ubuntu SMP Wed Dec 5 10:40:15 UTC 2018 (Ubuntu 4.4.0-141.167-geric 4.4.162)
[    0.000000] Command line: BOOT_IMAGE=/boot/vmlinuz-4.4.0-141-genericroot=LABEL=cloudimg-rootfs ro console=tty1 console=ttyS0
[    0.000000] KERNEL supported cpus:
[    0.000000]   Intel GenuineIntel
[    0.000000]   AMD AuthenticAMD
[    0.000000]   Centaur CentaurHauls
[    0.000000] x86/fpu: xstate_offset[2]:  576, tate_sizes[2]:  256
[    0.000000] x86/fpu: Supportiing XSAVE feature 0x01: 'x87 floating point registers'
[    0.000000] x86/fpu: Supporting XSAVE feature 0x02: 'SSE registers'
[    0.000000] x86/fpu: Supporting XSAVE feature 0x04: 'AVX registers
[    0.000000] x86/fpu: Enabled xstate features 0x7, context size is 832 bytes, using 'standard' format.
[    0.000000] e820: BIOS-provided physical RAM map:
[    0.000000] BIOS-e820: [mem 0x0000000000000000-0x000000000009fbff] usable
[    0.000000] BIOS-e820: [mem 0x000000000009fc00-0x000000000009ffff] reserved
[    0.000000] BIOS-e820: [mem 0x00000000000f0000-0x00000000000fffff] reserved
[    0.000000] BIOS-e820: [mem 0x0000000000100000-0x000000003ffeffff] usable
[    0.000000] BIOS-e820: [mem 0x000000003fff0000-0x0000003fffffff] ACPI data
[    0.000000] BIOS-e820: [mem 0x00000000fec00000-0x00000000fec00fff] reserved
[    0.000000] BIOS-e820: [mem 0x00000000fee00000-0x00000000fee00fff] reserved
[    0.00000] BIOS-e820: [mem 0x00000000fffc0000-0x00000000ffffffff] reserved
[    0.000000] NX (Execute Disable) protection: active
[    0.000000] SMBIOS 2.5 present.
[    0.000000] Hypervisor detected: KVM
  0.0000] e820: last_pfn = 0x3fff0 max_arch_pfn = 0x400000000
[    0.000000] MTRR: Disabled
[    0.000000] x86/PAT: MTRRs disabled, skipping PAT initialization too.
[    0.000000] CPU MTRRs all blank - virtualized system.
[    0.000000] x86/PAT: Configuration [7]: WB  WT  UC- UC  WB  WT  UC- UC  
[    0.000000] found SMP MP-table at [mem 0x0009fff0-0x0009ffff] mapped at [ffff88000009fff0]
[    0.000000] Scanning 1 areas for low memory corruption
[    0.000000] RAMDISK: [mem 0x36304000-0x37179fff]
[    0.000000] ACPI: Early table checksum verification disabled
[    0.000000] ACPI: RSDP 0x00000000000E0000 000024 (v02 VBOX  )
[    0.000000] ACPI: XSDT 0x000000003FFF0030 00003C (v01 VBOX   VBOXXSDT 00000001 ASL  00000061)
[    0.000000] ACPI: FACP 0x000000003FFF00F0 0000F4 (v04 VBOX   VBOXFACP 00000001 ASL  00000061)
[    0.000000] ACPI: DSDT 0x000000003FFF0470 0021FF (v02 VBOX   VBOXBIOS 00000002 INTL 20100528)
[    0.000000] ACPI: FACS 0x000000003FFF0200 000040
[    0.000000] ACPI: FACS 0x000000003FFF0200 000040
[    0.000000] ACPI: APIC 0x000000003FFF0240 00005C (v02 VBOX   VBOXAPIC 00000001 ASL  00000061)
[    0.000000] ACPI: SSDT 0x000000003FFF02A0 0001CC (v01 VBOX   VBOXCPUT 00000002 INTL 20100528)
[    0.000000] No NUMA configuration found
[    0.000000] Faking a node at [mem 0x0000000000000000-0x000000003ffeffff]
[    0.000000] NODE_DATA(0) allocated [mem 0x3ffeb000-0x3ffeffff]
[    0.000000] kvm-clock: Using msrs 4b564d01 and 4b564d00
[    0.000000] kvm-clock: cpu 0, msr 0:3ffe3001, primary cpu clock
[    0.000000] kvm-clock: using sched offset of 3195632391 cycles
[    0.000000] clocksource: kvm-clock: mask: 0xffffffffffff ax_cle 01cd44dffb, max_idle_ns: 881590591483 ns
[    0.000000] Zone ranges:
[    0.000000]   DMA      [mem 0x0000000000001000-0x0000000000ffffff]
[    0.000000]   DMA32    [mem 0x0000000001000000x000000003ffeffff]
[    0.000000]   Normal   empty
[    0.000000]   Device   empty
[    0.000000] Movable zone start for each node
[    0.000000] Early memory node ranges
[    0.000000]   node   0: [mem 0x0000000000001000-0x000000000009efff]
[    0.000000]   node   0: [mem 0x0000000000100000-0x000000003ffeffff]
[    0.000000] Initmem setup node 0 [mem 0x0000000000001000-0x000000003ffeffff]
[    00000] ACPI: PM-Timer IO Port: 0x4008
[    0.000000] IOAPIC[0]: apic_id 2, version 32, address 0xfec00000, GSI 0-23
[    0.000000ACPI: INT_SRC_OVR (bus 0 bus_irq 0 global_irq 2 dfl dfl)
[  0.000000] ACPI: INT_SRC_OVR (bus 0 bus_irq 9 global_irq 9 low level)
[    0.000000] Using ACPI (MADT) for SMP configuration information
[    0.000000] smpboot: Allowing 2 CPUs, 0 hotplg CPUs
[    0.000000] PM: Registered nosave memory: [mem 0x00000000-0x00000fff]
[    0.000000] PM: Registered nosave memory: [memx09f000-0x0009ffff]
[    0.000000] PM: Registered nosave memory: [mem 0x000a0000-0x000effff]
[    0.000000] PM: Registered nosave memory: [mem 0x000f0000-0x000fffff]
[    0.000000] e820: [mem 0x40000000-0xfebfffff] available for PCI devices
[    0.000000] Booting paravirtualized kernel on KVM
[    0.000000] clocksource: refined-jiffies: mask: 0xffffffff max_cycles: 0xffffffff, max_idle_ns: 7645519600211568 ns
[    0.000000] setup_percpu: NR_CPUS:512 nr_cpumask_bits:512 nr_cpu_ids:2 nr_node_ids:1
[    0.000000] PERCPU: Embedded 34 pages/cpu @ffff88003fc00000 s99608 r8192 d31464 u1048576
[    0.000000] PV qspinlock hash table entries: 256 (order: 0, 4096 bytes)
[    0.000000] Built 1 zonelists in Node order, mobility grouping on.  Total pages: 257912
[    0.000000] Policy zone: DMA32
[    0.000000] Kernel command line: BOOT_IMAGE=/boot/vmlinuz-4.4.0-141-generic root=LABEL=cloudimg-rootfs ro console=tty1 console=ttyS0
[    0.000000] PID hash table entries: 4096 (order: 3, 32768 bytes)
[    0.000000] Memory: 997696K/10481220K available (8568K kernel code, 1314K rwdata, 4008K rodata, 1528K init, 1316K bss, 50424K reserved, 0K cma-reserved)
[    0.000000] SLUB: HWalign=64, Order=0-3, MinObjects=0, CPUs=2, Nodes=1
[    0.000000] Kernel/User page tables isolation: enabled
[    0.000000] Hierarchical RCU implementation.
[    0.000000] 	Build-time adjustment of leaf fanout to 64.
[    0.000000] 	RCU restricting CPUs from NR_CPUS=512 to nr_cpu_ids=2.
[    0.000000] RCU: Adjusting geometry for rcu_fanout_leaf=64, nr_cpu_ids=2
[    0.000000] NR_IRQS:33024 nr_irqs:440 16
[    0.000000] Console: colour VGA+ 80x25
[    0.000000] console [tty1] enabled
[    0.000000] console [ttyS0] enabled
[    0.000000] tsc: Detected 3491.920 MHz processor
[   64210] Calibrating delay loop (skipped) preset value.. 6983.84 BogoMIPS (lpj=13967680)
[    0.700141] pid_max: default: 32768 minimum: 301
[    0.706595] ACPI: Core revision 20150930
[    0.708025] ACPI: 2 ACPI AML tables successfully acquired and loaded
[    0.720913] Security Framework initialized
[    0.721562] Yama: becoming mindful.
[    0.727550] AppArmor: AppArmor initialized
[    0.734151] Dentry cache hash table entries: 131072 (order: 8, 1048576 bytes)
[    0.747281] Inode-cache hash table entries: 65536 (order: 7, 524288 bytes)
[    0.753955] Mount-cache hash table entries: 2048 (order: 2, 16384 bytes)
[    0.771969] Mountpoint-cache hash table entries: 2048 (order: 2, 16384 bytes)
[    0.773093] Initializing cgroup subsys io
[    0.773759] Initializing cgroup subsys memory
[    0.792647] Initializing cgroup subsys devices
[    0.799190] Initializing cgroup subsys freezer
[    0.799979] Initializing cgroup subsys net_cls
[    0.800659] Initializing cgroup subsys perf_event
[    0.807414] Initializing cgroup subsys net_prio
[    0.814178] Initializing cgroup subsys hugetlb
[    0.820246] Initializing cgroup subsys pids
[    0.824918] mce: CPU supports 0 MCE banks
[    0.837648] Last level iTLB entries: 4KB 1024, 2MB 1024, 4MB 1024
[    0.844633] Last level dTLB entries: 4KB 1024, 2MB 1024, 4MB 1024, 1GB 4
[    0.845577] Spectre V2 : Mitigation: Full generic retpoline
[    0.852342] Spectre V2 : Spectre v2 mitigation: Speculation control IBPB not-supported IBRS not-supported
[    0.865739] Spectre V2 : Spectre v2 / SpectreRSB mitigation: Filling RSB on context switch
[    0.867253] Speculative Store Bypass: Vulnerable
[    0.880086] Freeing SMP alternatives memory: 32K
[    0.887294] ftrace: allocating 32291 entries in 127 pages
[    0.948504] smpboot: APIC(0) Converting physical 0 to logical package 0
[    0.955562] smpboot: Max logical packages: 1
[    0.986511] x2apic enabled
[    0.994355] Switched APIC routing to physical x2apic.
[    0.996084] ..TIMER: vector=0x30 apic1=0 pin1=2 apic2=-1 pin2=-1
[    1.119337] smpboot: CPU0: Intel(R) Xeon(R) CPU E5-1650 v3 @ 3.50GHz (family: 0x6, model: 0x3f, stepping: 0x2)
[    1.126672] Performance Events: unsupported p6 CPU model 63 no PMU driver, software events only.
[    1.134206] KVM setup paravirtual spinlock
[    1.141517] x86: Booting SMP configuration:
[    1.142238] .... node  #0, CPUs:      #1
[    1.142981] kvm-clock: cpu 1, msr 0:3ffe3041, secondary cpu clock
[    1.151078] mce: CPU supports 0 MCE banks
[    1.153592] x86: Booted up 1 node, 2 CPUs
[    1.154437] smpboot: Total of 2 processors activated (13967.68 BogoMIPS)
[    1.155717] devtmpfs: initialized
[    1.157366] evm: security.selinux
[    1.157948] evm: security.SMACK64
[    1.164334] evm: security.SMACK64EXEC
[    1.164927] evm: security.SMACK64TRANSMUTE
[    1.171520] evm: security.SMACK64MMAP
[    1.172129] evm: security.ima
[    1.178318] evm: security.capability
[    1.190581] clocksource: jiffies: mask: 0xffffffff max_cycles: 0xffffffff, max_idle_ns: 7645041785100000 ns
[    1.197737] futex hash table entries: 512 (order: 3, 32768 bytes)
[    1.204760] pinctrl core: initialized pinctrl subsystem
[    1.205634] RTC time: 11:29:00, date: 01/26/19
[    1.212648] NET: Registered protocol family 16
[    1.235872] cpuidle: using governor ladder
[    1.252404] cpuidle: using governor menu
[    1.260456] PCCT header not found.
[    1.261106] ACPI: bus type PCI registered
[    1.267509] acpiphp: ACPI Hot Plug PCI Controller Driver version: 0.5
[    1.268586] PCI: Using configuration type 1 for base access
[    1.280897] ACPI: Added _OSI(Module Device)
[    1.281594] ACPI: Added _OSI(Processor Device)
[    1.282292] ACPI: Added _OSI(3.0 _SCP Extensions)
[    1.288657] ACPI: Added _OSI(Processor Aggregator Device)
[    1.295352] ACPI: Executed 1 blocks of module-level executable AML code
[    1.298034] ACPI: Interpreter enabled
[    1.298667] ACPI: (supports S0 S5)
[    1.304971] ACPI: Using IOAPIC for interrupt routing
[    1.311799] PCI: Using host bridge windows from ACPI; if necessary, use "pci=nocrs" and report a bug
[    1.318081] ACPI: PCI Root Bridge [PCI0] (domain 0000 [bus 00-ff])
[    1.318959] acpi PNP0A03:00: _OSC: OS supports [ASPM ClockPM Segments MSI]
[    1.319930] acpi PNP0A03:00: _OSC: not requesting OS control; OS requires [ExtendedConfig ASPM ClockPM MSI]
[    1.321350] acpi PNP0A03:00: fail to add MMCONFIG information, can't access extended PCI configuration space under this bridge.
[    1.323275] PCI host bridge to bus 0000:00
[    1.330579] pci_bus 0000:00: root bus resource [io  0x0000-0x0cf7 window]
[    1.342841] pci_bus 0000:00: root bus resource [io  0x0d00-0xffff window]
[    1.364791] pci_bus 0000:00: root bus resource [mem 0x000a0000-0x000bffff window]
[    1.367057] pci_bus 0000:00: root bus resource [mem 0x40000000-0xfdffffff window]
[    1.368248] pci_bus 0000:00: root bus resource [bus 00-ff]
[    1.378123] pci 0000:00:01.1: legacy IDE quirk: reg 0x10: [io  0x01f0-0x01f7]
[    1.414487] pci 0000:00:01.1: legacy IDE quirk: reg 0x14: [io  0x03f6]
[    1.421365] pci 0000:00:01.1: legacy IDE quirk: reg 0x18: [io  0x0170-0x0177]
[    1.438918] pci 0000:00:01.1: legacy IDE quirk: reg 0x1c: [io  0x0376]
[    1.461642] pci 0000:00:07.0: quirk: [io  0x4000-0x403f] claimed by PIIX4 ACPI
[    1.462824] pci 0000:00:07.0: quirk: [io  0x4100-0x410f] claimed by PIIX4 SMB
[    1.475950] ACPI: PCI Interrupt Link [LNKA] (IRQs 5 9 10 *11)
[    1.490767] ACPI: PCI Interrupt Link [LNKB] (IRQs 5 9 *10 11)
[    1.497725] ACPI: PCI Interrupt Link [LNKC] (IRQs 5 *9 10 11)
[    1.510699] ACPI: PCI Interrupt Link [LNKD] (IRQs 5 9 10 *11)
[    1.517754] ACPI: Enabled 2 GPEs in block 00 to 07
[    1.524488] vgaarb: setting as boot device: PCI:0000:00:02.0
[    1.530982] vgaarb: device added: PCI:0000:00:02.0,decodes=io+mem,owns=io+mem,locks=none
[    1.533791] vgaarb: loaded
[    1.534303] vgaarb: bridge control possible 0000:00:02.0
[    1.554664] SCSI subsystem initialized
[    1.562761] ACPI: bus type USB registered
[    1.563491] usbcore: registered new interface driver usbfs
[    1.564307] usbcore: registered new interface driver hub
[    1.570840] usbcore: registered new device driver usb
[    1.579312] PCI: Using ACPI for IRQ routing
[    1.580269] NetLabel: Initializing
[    1.610156] NetLabel:  domain hash size = 128
[    1.610854] NetLabel:  protocols = UNLABELED CIPSOv4
[    1.622903] NetLabel:  unlabeled traffic allowed by default
[    1.629599] amd_nb: Cannot enumerate AMD northbridges
[    1.630413] clocksource: Switched to clocksource kvm-clock
[    1.644335] AppArmor: AppArmor Filesystem Enabled
[   6511] pnp: PnP ACPI init
[   1.755563] pnp: PnP ACPI: found 3 devices
[    1.804742] clocksource: acpi_pm: mask: 0xffffff max_cycles: 0xffffff, max_idle_ns: 2085701024 ns
[  1806142] NET: Registered protocol family 2

[    1.869063] TCP establshed hash table entries: 8192 (order: 4, 65536 bytes)

[    1.896845] TCP bind hash table entries: 8192 (order: 5, 131072 bytes)
[    1.897850] TCP: Hash tables configured (established 8192 bind 8192)
[  190215] UDP hash table entries: 512 (order: 2, 16384 bytes
[    2.028012] UDP-Lite hash table entries: 512 (order: 2, 16384 bytes)
[    2.029039] NET: Registered protocol family 1
[    2.029767] pci 0000:00:00.0: Limiting direct PCI/PCI transfers
[    2.030712] pci 0000:00:01.0: Activating ISA DMA hang workarounds
[    2.031840] Unpacking initramfs...

[    2.327506] Freeing initrd memory: 14808K
[    2.371269] RAPL PMU detected, API unit is 2^-32 Joules, 3 fixed counters 10737418240 ms ovfl timer
[    2.406448] hw unit of domain pp0-core 2^-0 Joules
[    2.407183] hw unit of domain package 2^-0 Joules
[    2.458340] hw unit of domain dram 2^-16 Joules
[    2.464452] platform rtc_cmos: registered platform RTC device (no PNP device found)
[    2.465742] Scanning for low memory corruption every 60 seconds
[    2.473516] audit: initializing netlink subsys (disabled)
[    2.480575] audit: type=2000 audit(1548502145.521:1): initialized
[    2.489063] Initialise system trusted keyring
[    2.489919] HugeTLB registered 2 MB page size, pre-allocated 0 pages
[    2.492056] zbud: loaded
[    2.492890] VFS: Disk quotas dquot_6.6.0
[    2.509843] VFS: Dquot-cache hash table entries: 512 (order 0, 4096 bytes)
[    2.516428] squashfs: version 4.0 (2009/01/31) Phillip Lougher
[    2.518811] fuse init (API version 7.23)
[    2.537232] Key type big_key registered
[    2.537939] Allocating IMA MOK and blacklist keyrings.
[    2.545031] Key type asymmetric registered
[    2.558426] Asymmetric key parser 'x509' registered
[    2.568533] Block layer SCSI generic (bsg) driver version 0.4 loaded (major 249)
[    2.575077] io scheduler noop registered
[    2.607914] io scheduler deadline registered (default)
[    2.608716] io scheduler cfq registered
[    2.609491] pci_hotplug: PCI Hot Plug PCI Core version: 0.5
[    2.610347] pciehp: PCI Express Hot Plug Controller Driver version: 0.4
[    2.637167] ACPI: AC Adapter [AC] (on-line)
[    2.637933] input: Power Button as /devices/LNXSYSTM:00/LNXPWRBN:00/input/input0
[    2.639125] ACPI: Power Button [PWRF]
[    2.701055] input: Sleep Button as /devices/LNXSYSTM:00/LNXSLPBN:00/input/input1
[    2.732175] ACPI: Sleep Button [SLPF]
[    2.738716] GHES: HEST is not enabled!
[    2.758621] Serial: 8250/16550 driver, 32 ports, IRQ sharing enabled
[    2.781270] 00:02: ttyS0 at I/O 0x3f8 (irq = 4, base_baud = 115200) is a 16550A
[    2.811015] Linux agpgart interface v0.103
[    2.820328] loop: module loaded
[    2.848515] scsi host0: ata_piix
[    2.849204] scsi host1: ata_piix
[    2.849825] ata1: PATA max UDMA/33 cmd 0x1f0 ctl 0x3f6 bmdma 0xd000 irq 14
[    2.863416] ata2: PATA max UDMA/33 cmd 0x170 ctl 0x376 bmdma 0xd008 irq 15
[    2.870607] libphy: Fixed MDIO Bus: probed
[    2.871292] tun: Universal TUN/TAP device driver, 1.6
[    2.879250] tun: (C) 1999-2004 Max Krasnyansky <maxk@qualcomm.com>
[    2.889526] PPP generic driver version 2.4.2
[    2.902354] ehci_hcd: USB 2.0 'Enhanced' Host Controller (EHCI) Driver
[    2.918846] ehci-pci: EHCI PCI platform driver
[    2.972656] ehci-platform: EHCI generic platform driver
[    2.979420] ohci_hcd: USB 1.1 'Open' Host Controller (OHCI) Driver
[    3.004443] ohci-pci: OHCI PCI platform driver
[    3.019280] ohci-platform: OHCI generic platform driver
[    3.050631] uhci_hcd: USB Universal Host Controller Interface driver
[    3.069701] i8042: PNP: PS/2 Controller [PNP0303:PS2K,PNP0f03:PS2M] at 0x60,0x64 irq 1,12
[    3.071525] serio: i8042 KBD port at 0x60,0x64 irq 1
[    3.078682] serio: i8042 AUX port at 0x60,0x64 irq 12
[    3.085164] mousedev: PS/2 mouse device common for all mice
[    3.104408] input: AT Translated Set 2 keyboard as /devices/platform/i8042/serio0/input/input2
[    3.113965] rtc_cmos rtc_cmos: rtc core: registered rtc_cmos as rtc0
[   .120860] rtc_cmos rtc_cmos: alarms up to one day, 114 bytes nvram
[    3.168783] i2c /dev entries driver
[  3169426] device-mapper: uevent: version 1.0.3

[    3.232180] device-mapper: ioctl: 4.34.0-ioctl (2015-10-28) initialised: dm-devel@redhat.com
[    3.233510] ledtrig-cpu: registered to indicate activity on CPUs
[    3.234789] NET: Registered protocol family 10
[    3.235632] NET: Registered protocol family 17
[    3.254468] Key type dns_resolver registered
[    3.261373] registered taskstats version 1
[    3.262048] Loading compiled-in X.509 certificates
[    3.269065] Loaded X.509 cert 'Build time autogenerated kernel key: 7c9fb337b82e5a343493fe891c556beae1895c7c'
[    3.282389] zswap: loaded using pool lzo/zbud
[    3.284492] Key type trusted registered
[    3.287416] Key type encrypted registered
[    3.288070] AppArmor: AppArmor sha1 policy hashing enabled
[    3.294139] ima: No TPM chip found, activating TPM-bypass!
[    3.301154] ima: Allocated hash algorithm: sha1
[    3.301929] evm: HMAC attrs: 0x1
[    3.302800]   Magic number: 3:16:480
[    3.303517] rtc_cmos rtc_cmos: setting system clock to 2019-01-26 11:29:02 UTC (1548502142)
[    3.304913] BIOS EDD facility v0.16 2004-Jun-25, 0 devices found
[    3.305981] EDD information not available.
[    3.307710] Freeing unused kernel memory: 1528K
[    3.318876] Write protecting the kernel read-only data: 14336k
[    3.320286] Freeing unused kernel memory: 1660K
[    3.321172] Freeing unused kernel memory: 88K
Loading, please wait...
starting version 229
[    3.337677] random: systemd-udevd: uninitialized urandom read (16 bytes read, 3 bits of entropy available)
[    3.338144] random: udevadm: uninitialized urandom read (16 bytes read, 3 bits of entropy available)
[    3.338160] random: udevadm: uninitialized urandom read (16 bytes read, 3 bits of entropy available)
[    3.343995] random: udevadm: uninitialized urandom read (16 bytes read, 3 bits of entropy available)
[    3.344026] random: udevadm: uninitialized urandom read (16 bytes read, 3 bits of entropy available)
[    3.344123] random: udevadm: uninitialized urandom read (16 bytes read, 3 bits of entropy available)
[    3.344161] random: udevadm: uninitialized urandom read (16 bytes read, 3 bits of entropy available)
[    3.344196] random: udevadm: uninitialized urandom read (16 bytes read, 3 bits of entropy available)
[    3.344231] random: udevadm: uninitialized urandom read (16 bytes read, 3 bits of entropy available)
[    3.344266] random: udevadm: uninitialized urandom read (16 bytes read, 3 bits of entropy available)
[    3.397924] e1000: Intel(R) PRO/1000 Network Driver - version 7.3.21-k8-NAPI
[    3.398932] e1000: Copyright (c) 1999-2006 Intel Corporation.
[    3.404630] Fusion MPT base driver 3.04.20
[    3.441532] Copyright (c) 1999-2008 LSI Corporation
[    3.459017] Fusion MPT SPI Host driver 3.04.20
[    3.472960] tsc: Refined TSC clocksource calibration: 3490.444 MHz
[    3.482954] clocksource: tsc: mask: 0xffffffffffffffff max_cycles: 0x32500da8896, max_idle_ns: 440795302381 ns
[    3.516470] AVX2 version of gcm_enc/dec engaged.
[    3.517256] AES CTR mode by8 optimization enabled
[    3.715490] input: ImExPS/2 Generic Explorer Mouse as /devices/platform/i8042/serio1/input/input4
[    3.813582] e1000 0000:00:03.0 eth0: (PCI:33MHz:32-bit) 02:9c:d2:53:c1:d1
[    3.883191] e1000 0000:00:03.0 eth0: Intel(R) PRO/1000 Network Connection
[    4.281987] e1000 0000:00:08.0 eth1: (PCI:33MHz:32-bit) 08:00:27:49:6c:7f
[    4.295637] e1000 0000:00:08.0 eth1: Intel(R) PRO/1000 Network Connection
[    4.321810] e1000 0000:00:03.0 enp0s3: renamed from eth0
[    4.323175] mptbase: ioc0: Initiating bringup
[    4.335059] e1000 0000:00:08.0 enp0s8: renamed from eth1
[    4.389041] ioc0: LSI53C1030 A0: Capabilities={Initiator}
[    4.878394] scsi host2: ioc0: LSI53C1030 A0, FwRev=00000000h, Ports=1, MaxQ=256, IRQ=20
[    5.481627] scsi 2:0:0:0: Direct-Access     VBOX     HARDDISK         1.0  PQ: 0 ANSI: 5
[    5.482985] scsi target2:0:0: Beginning Domain Validation
[    5.490031] scsi target2:0:0: Domain Validation skipping write tests
[    5.498626] scsi target2:0:0: Ending Domain Validation
[    5.511120] scsi target2:0:0: asynchronous
[    5.521286] scsi 2:0:1:0: Direct-Access     VBOX     HARDDISK         1.0  PQ: 0 ANSI: 5
[    5.535192] scsi target2:0:1: Beginning Domain Validation
[    5.542711] scsi target2:0:1: Domain Validation skipping write tests
[    5.549284] scsi target2:0:1: Ending Domain Validation
[    5.797440] scsi target2:0:1: asynchronous
[    5.818311] sd 2:0:0:0: [sda] 20971520 512-byte logical blocks: (10.7 GB/10.0 GiB)
[    5.819720] sd 2:0:0:0: Attached scsi generic sg0 type 0
[    5.820553] sd 2:0:0:0: [sda] Write Protect is off
[    5.827664] sd 2:0:1:0: Attached scsi generic sg1 type 0
[    5.834248] sd 2:0:0:0: [sda] Incomplete mode parameter data
[    5.835111] sd 2:0:0:0: [sda] Assuming drive cache: write through
[    5.837190] sd 2:0:1:0: [sdb] 20480 512-byte logical blocks: (10.5 MB/10.0 MiB)
[    5.839328]  sda: sda1
[    5.839640] sd 2:0:0:0: [sda] Attached SCSI disk
[    5.869141] sd 2:0:1:0: [sdb] Write Protect is off
[    5.884278] sd 2:0:1:0: [sdb] Incomplete mode parameter data
[    5.916241] sd 2:0:1:0: [sdb] Assuming drive cache: write through
[    5.926547] sd 2:0:1:0: [sdb] Attached SCSI disk
Begin: Loading essential drivers ... [    7.210829] md: linear personality registered for level -1
[    7.219008] md: multipath personality registered for level -4
[    7.229210] md: raid0 personality registered for level 0
[    7.238196] md: raid1 personality registered for level 1
[    7.306664] raid6: sse2x1   gen() 10776 MB/s
[    7.374766] raid6: sse2x1   xor()  8333 MB/s
[    7.442818] raid6: sse2x2   gen() 10970 MB/s
[    7.510874] raid6: sse2x2   xor()  9123 MB/s
[    7.578418] raid6: sse2x4   gen() 15884 MB/s
[    7.646567] raid6: sse2x4   xor() 10976 MB/s
[    7.714616] raid6: avx2x1   gen() 20775 MB/s
[    7.782669] raid6: avx2x2   gen() 22931 MB/s
[    7.850718] raid6: avx2x4   gen() 25347 MB/s
[    7.851504] raid6: using algorithm avx2x4 gen() 25347 MB/s
[    7.860005] raid6: using avx2x2 recovery algorithm
[    7.863503] xor: automatically using best checksumming function:
[    7.906758]    avx       : 28414.000 MB/sec
[    7.908445] async_tx: api initialized (async)
[    7.915292] md: raid6 personality registered for level 6
[    7.917289] md: raid5 personality registered for level 5
[    7.918073] md: raid4 personality registered for level 4
[    7.929164] md: raid10 personality registered for level 10
done.
Begin: Running /scripts/init-premount ... done.
Begin: Mounting root file system ... Begin: Running /scripts/local-top ... done.
Begin: Running /scripts/local-premount ... [    7.957696] Btrfs loaded
Scanning for Btrfs filesystems
done.
Warning: fsck not present, so skipping root file system
[    7.974820] EXT4-fs (sda1): mounted filesystem with ordered data mode. Opts: (null)
done.
Begin: Running /scripts/local-bottom ... done.
Begin: Running /scripts/init-bottom ... done.
[    8.030696] systemd[1]: systemd 229 running in system mode. (+PAM +AUDIT +SELINUX +IMA +APPARMOR +SMACK +SYSVINIT +UTMP +LIBCRYPTSETUP +GCRYPT +GNUTLS +ACL +XZ -LZ4 +SECCOMP +BLKID +ELFUTILS +KMOD -IDN)
[    8.033278] systemd[1]: Detected virtualization oracle.
[    8.034073] systemd[1]: Detected architecture x86-64.

Welcome to [1mUbuntu 16.04.5 LTS[0m!

[    8.043677] systemd[1]: Set hostname to <ubuntu>.
[    8.045125] systemd[1]: Initializing machine ID from random generator.
[    8.047144] systemd[1]: Installed transient /etc/machine-id file.
[    8.121747] systemd[1]: Listening on Journal Audit Socket.
[[0;32m  OK  [0m] Listening on Journal Audit Socket.
[    8.131605] systemd[1]: Created slice System Slice.
[[0;32m  OK  [0m] Created slice System Slice.
[    8.133408] systemd[1]: Listening on /dev/initctl Compatibility Named Pipe.
[[0;32m  OK  [0m] Listening on /dev/initctl Compatibility Named Pipe.
[    8.135620] systemd[1]: Listening on Journal Socket.
[[0;32m  OK  [0m] Listening on Journal Socket.
[    8.154966] systemd[1]: Starting Load Kernel Modules...
         Starting Load Kernel Modules...
[    8.163026] systemd[1]: Starting Nameserver information manager...
         Starting Nameserver information manager...
[    8.165485] systemd[1]: Mounting Huge Pages File System...
[    8.172060] Loading iSCSI transport class v2.0-870.
         Mounting Huge Pages File System...
[    8.188056] systemd[1]: Reached target System Time Synchronized.
[    8.189024] iscsi: registered transport (tcp)
[[0;32m  OK  [0m] Reached target System Time Synchronized.
[    8.196961] systemd[1]: Listening on Device-mapper event daemon FIFOs.
[[0;32m  OK  [0m] Listening on Device-mapper event daemon FIFOs.
[    8.199195] systemd[1]: Listening on Syslog Socket.
[[0;32m  OK  [0m] Listening on Syslog Socket.
[    8.201567] systemd[1]: Starting Set console keymap...
         Starting Set console keymap...
[    8.218523] systemd[1]: Listening on LVM2 poll daemon socket.
[[0;32m  OK  [0m] Listening on LVM2 poll daemon socket.
[    8.227211] systemd[1]: Set up automount Arbitrary Executable File Formats File System Automount Point.
[[0;32m  OK  [0m] Set up automount Arbitrary Executab...ats File System Automount Point.
[    8.233701] systemd[1]: Starting Create list of required static device nodes for the current kernel...
         Starting Create list of required st... nodes for the current kernel...
[    8.239166] iscsi: registered transport (iser)
[    8.240259] systemd[1]: Reached target Encrypted Volumes.
[[0;32m  OK  [0m] Reached target Encrypted Volumes.
[    8.243235] systemd[1]: Starting Uncomplicated firewall...
         Starting Uncomplicated firewall...
[    8.247908] systemd[1]: Reached target User and Group Name Lookups.
[[0;32m  OK  [0m] Reached target User and Group Name Lookups.
[    8.250072] systemd[1]: Reached target Swap.
[[0;32m  OK  [0m] Reached target Swap.
[    8.252234] systemd[1]: Mounting POSIX Message Queue File System...
         Mounting POSIX Message Queue File System...
[    8.261166] systemd[1]: Listening on udev Kernel Socket.
[[0;32m  OK  [0m] Listening on udev Kernel Socket.
[    8.263074] systemd[1]: Listening on Journal Socket (/dev/log).
[[0;32m  OK  [0m] Listening on Journal Socket (/dev/log).
[    8.265113] systemd[1]: Started Forward Password Requests to Wall Directory Watch.
[[0;32m  OK  [0m] Started Forward Password Requests to Wall Directory Watch.
[    8.268861] systemd[1]: Listening on udev Control Socket.
[[0;32m  OK  [0m] Listening on udev Control Socket.
[    8.272595] systemd[1]: Starting Remount Root and Kernel File Systems...
         [    8.291800] EXT4-fs (sda1): re-mounted. Opts: (null)
Starting Remount Root and Kernel File Systems...
[    8.295933] systemd[1]: Started Trigger resolvconf update for networkd DNS.
[[0;32m  OK  [0m] Started Trigger resolvconf update for networkd DNS.
[    8.300704] systemd[1]: Starting Journal Service...
         Starting Journal Service...
[    8.308512] systemd[1]: Created slice system-serial\x2dgetty.slice.
[[0;32m  OK  [0m] Created slice system-serial\x2dgetty.slice.
[    8.311128] systemd[1]: Mounting Debug File System...
         Mounting Debug File System...
[    8.340263] systemd[1]: Created slice User and Session Slice.
[[0;32m  OK  [0m] Created slice User and Session Slice.
[    8.354344] systemd[1]: Reached target Slices.
[[0;32m  OK  [0m] Reached target Slices.
[    8.359790] systemd[1]: Listening on LVM2 metadata daemon socket.
[[0;32m  OK  [0m] Listening on LVM2 metadata daemon socket.
[    8.362230] systemd[1]: Starting Monitoring of LVM2 mirrors, snapshots etc. using dmeventd or progress polling...
         Starting Monitoring of LVM2 mirrors... dmeventd or progress polling...
[    8.375869] systemd[1]: Mounted Debug File System.
[[0;32m  OK  [0m] Mounted Debug File System.
[    8.377811] systemd[1]: Mounted Huge Pages File System.
[[0;32m  OK  [0m] Mounted Huge Pages File System.
[    8.379811] systemd[1]: Mounted POSIX Message Queue File System.
[[0;32m  OK  [0m] Mounted POSIX Message Queue File System.
[    8.386322] systemd[1]: Started Journal Service.
[[0;32m  OK  [0m] Started Journal Service.
[[0;32m  OK  [0m] Started Load Kernel Modules.
[[0;32m  OK  [0m] Started Set console keymap.
[[0;32m  OK  [0m] Started Create list of required sta...ce nodes for the current kernel.
[[0;32m  OK  [0m] Started Uncomplicated firewall.
[[0;32m  OK  [0m] Started Remount Root and Kernel File Systems.
[[0;32m  OK  [0m] Started Nameserver information manager.
[[0;32m  OK  [0m] Started LVM2 metadata daemon.
         Starting udev Coldplug all Devices...
         Starting Load/Save Random Seed...
         Starting Create Static Device Nodes in /dev...
         Starting Apply Kernel Variables...
         Mounting FUSE Control File System...
         Starting Flush Journal to Persistent Storage...
[[0;32m  OK  [0m] Mounted FUSE Control File System.
[[0;32m  OK  [0m] Started Load/Save Random Seed.
[[0;32m  OK  [0m] Started Create Static Device Nodes in /dev.
[[0;32m  OK  [0m] Started Apply Kernel Variables.
[[0;32m  OK  [0m] Started udev Coldplug all Devices.
[[0;32m  OK  [0m] Started Flush Journal to Persistent Storage.
         Starting udev Kernel Device Manager...
[[0;32m  OK  [0m] Started udev Kernel Device Manager.
[[0;32m  OK  [0m] Started Dispatch Password Requests to Console Directory Watch.
[[0;32m  OK  [0m] Found device /dev/ttyS0.
[[0;32m  OK  [0m] Listening on Load/Save RF Kill Switch Status /dev/rfkill Watch.
[[0;32m  OK  [0m] Started Monitoring of LVM2 mirrors,...ng dmeventd or progress polling.
[[0;32m  OK  [0m] Reached target Local File Systems (Pre).
[[0;32m  OK  [0m] Reached target Local File Systems.
         Starting Initial cloud-init job (pre-networking)...
         Starting LSB: AppArmor initialization...
         Starting Tell Plymouth To Write Out Runtime Data...
         Starting Set console font and keymap...
         Starting Create Volatile Files and Directories...
         Starting Commit a transient machine-id on disk...
[[0;32m  OK  [0m] Started Tell Plymouth To Write Out Runtime Data.
[[0;32m  OK  [0m] Started Create Volatile Files and Directories.
[[0;32m  OK  [0m] Started Commit a transient machine-id on disk.
         Starting Update UTMP about System Boot/Shutdown...
[[0;32m  OK  [0m] Started Update UTMP about System Boot/Shutdown.
[[0;32m  OK  [0m] Started Set console font and keymap.
[[0;32m  OK  [0m] Created slice system-getty.slice.
[    8.740960] cloud-init[597]: Cloud-init v. 18.4-0ubuntu1~16.04.2 running 'init-local' at Sat, 26 Jan 2019 11:29:08 +0000. Up 8.39 seconds.
[[0;32m  OK  [0m] Started Initial cloud-init job (pre-networking).
[[0;32m  OK  [0m] Reached target Network (Pre).
[[0;32m  OK  [0m] Started LSB: AppArmor initialization.
         Starting Raise network interfaces...
[[0;32m  OK  [0m] Started Raise network interfaces.
[[0;32m  OK  [0m] Reached target Network.
         Starting Initial cloud-init job (metadata service crawler)...
[    9.584719] cloud-init[939]: Cloud-init v. 18.4-0ubuntu1~16.04.2 running 'init' at Sat, 26 Jan 2019 11:29:09 +0000. Up 9.23 seconds.
[    9.586578] cloud-init[939]: ci-info: ++++++++++++++++++++++++++++++++++++++Net device info+++++++++++++++++++++++++++++++++++++++
[    9.592635] cloud-init[939]: ci-info: +--------+-------+----------------------------+---------------+--------+-------------------+
[    9.607708] cloud-init[939]: ci-info: | Device |   Up  |          Address           |      Mask     | Scope  |     Hw-Address    |
[    9.609495] cloud-init[939]: ci-info: +--------+-------+----------------------------+---------------+--------+-------------------+
[    9.615658] [cloud-init[0;32m  OK  [0m[939]: ] ci-info: | enp0s3 |  True |         10.0.2.15          | 255.255.255.0 | global | 02:9c:d2:53:c1:d1 |Started Initial cloud-init job (metadata service crawler).

[    9.616012] cloud-init[939]: ci-info: | enp0s3 |  True | fe80::9c:d2ff:fe53:c1d1/64 |       .       |  link  | 02:9c:d2:53:c1:d1 |
[    9.632846] [[0;32m  OK  [0m] Reached target Cloud-config availability.
[[0;32m  OK  [0m] Reached target System Initialization.
cloud-init[939]:          Starting LXD - unix socket.
[[0;32m  OK  [0m] Started Daily Cleanup of Temporary Directories.
[[0;32m  OK  [0m] Listening on UUID daemon activation socket.
         Starting Socket activation for snappy daemon.
ci-info: | enp0s8 | False |             .              |       .       |   .    | 08:00:27:49:6c:7f |
[    9.639721] cloud-init[939]: ci-info: |   lo   |  True |         127.0.0.1          |   255.0.0.0   |  host  |         .         |
[[0;32m  OK  [0m] Started ACPI Events Check.
[[0;32m  OK  [0m] Reached target Paths.
[[0;32m  OK  [0m] Listening on ACPID Listen Socket.
[    9.640111] cloud-init[939]: ci-info: |   lo   |  True |          ::1/128           |       .       |  host  |         .         |
[    9.654020] [cloud-init[0;32m  OK  [0m[939]: ] ci-info: +--------+-------+----------------------------+---------------+--------+-------------------+Listening on D-Bus System Message Bus Socket.

[[0;32m  OK  [0m] Started Daily apt download activities.
[[0;32m  OK  [0m] Started Daily apt upgrade and clean activities.
[[0;32m  OK  [0m] Reached target Timers.
[[0;32m  OK  [0m] Reached target Network is Online.
[    9.654392] cloud-init[939]: ci-info: +++++++++++++++++++++++++++Route IPv4 info++++++++++++++++++++++++++++
[    9.662366] cloud-init[939]: ci-info: +-------+-------------+----------+---------------+-----------+-------+
[    9.670681] cloud-init[939]: ci-info: | Route | Destination | Gateway  |    Genmask    | Interface | Flags |
[    9.688215]          cloud-initStarting iSCSI initiator daemon (iscsid)...[939]: 
ci-info: +-------+-------------+----------+---------------+-----------+-------+
[    9.697991] [cloud-init[0;32m  OK  [0m[939]: ] ci-info: |   0   |   0.0.0.0   | 10.0.2.2 |    0.0.0.0    |   enp0s3  |   UG  |Listening on LXD - unix socket.

[[0;32m  OK  [0m] Listening on Socket activation for snappy daemon.
[    9.698395] cloud-init[939]: ci-info: |   1   |   10.0.2.0  | 0.0.0.0  | 255.255.255.0 |   enp0s3  |   U   |
[    9.716969] cloud-init[939]: ci-info: +-------+-------------+----------+---------------+-----------+-------+
[    9.722182] [cloud-init[0;32m  OK  [0m[939]: ] ci-info: +++++++++++++++++++Route IPv6 info+++++++++++++++++++Started iSCSI initiator daemon (iscsid).

[    9.727150] cloud-init[939]: ci-info: +-------+-------------+---------+-----------+-------+
[    9.743904]          cloud-initStarting Login to default iSCSI targets...[939]: 
ci-info: | Route | Destination | Gateway | Interface | Flags |
[    9.749468] [[0;32m  OK  [0m] Reached target Sockets.
[[0;32m  OK  [0m] Reached target Basic System.
cloud-init[939]: [[0;32m  OK  [0m] Started ACPI event daemon.
ci-info: +-------+-------------+---------+-----------+-------+
[[0;32m  OK  [0m] Started Regular background program processing daemon.
         Starting /etc/rc.local Compatibility...
         Starting Virtualbox guest utils...
         Starting Login Service...
[[0;32m  OK  [0m] Started FUSE filesystem for LXC.
[    9.752666] cloud-init[939]: ci-info: |   0   |  fe80::/64  |    ::   |   enp0s3  |   U   |
         Starting Pollinate to seed the pseudo random number generator...
         Starting Accounts Service...
[[0;32m  OK  [0m] Started Unattended Upgrades Shutdown.
[    9.768896] cloud-init[939]: ci-info: |   3   |   ff00::/8  |    ::   |   enp0s3  |   U   |
[    9.777758]          Starting LSB: MD monitoring daemon...
cloud-init[939]:          Starting Snappy daemon...
ci-info: +-------+-------------+---------+-----------+-------+         Starting System Logging Service...

[    9.781352] [cloud-init[0;32m  OK  [0m[939]: ] Generating public/private rsa key pair.Started D-Bus System Message Bus.

[    9.788198] cloud-init[939]: Your identification has been saved in /etc/ssh/ssh_host_rsa_key.
[    9.790002] cloud-init[939]: Your public key has been saved in /etc/ssh/ssh_host_rsa_key.pub.
[    9.791725] cloud-init[939]: The key fingerprint is:
[    9.806386] cloud-init[939]: SHA256:Ymp0MNx9BaA2v7kCD34ZX15SuQe64eUIHah+FRJma60 root@ubuntu-xenial
[    9.822908] cloud-init[939]: The key's randomart image is:
[    9.833324] cloud-init[939]: +---[RSA 2048]----+
[    9.846792] cloud-init[939]: |        .....    |
[    9.855607] cloud-init[939]: |   . . o+  .     |
         Starting LSB: Record successful boot for GRUB...
[    9.867419] cloud-init[939]: |    + =o.=.  .   |
[    9.889756] cloud-init[939]: |     + o=.+ +    |
[    9.889981] cloud-init[939]: |    . +oS+ = o   |
[[0;32m  OK  [0m] Started Deferred execution scheduler.
[    9.890086] cloud-init[939]: |   .o+o.EoB + .  |
[    9.900848] cloud-init[939]: |   .o= +o* O .   |
[    9.901539] cloud-init[939]: |   .. * o.= .    |
[    9.901756] cloud-init[939]: |     . o.        |
[    9.902110] cloud-init[939]: +----[SHA256]-----+
         Starting LXD - container startup/shutdown...
[    9.902477] cloud-init[939]: Generating public/private dsa key pair.
[    9.920017] cloud-init[939]: Your identification has been saved in /etc/ssh/ssh_host_dsa_key.
[    9.921247] cloud-init[939]: Your public key has been saved in /etc/ssh/ssh_host_dsa_key.pub.
[    9.922492] cloud-init[939]: The key fingerprint is:
[    9.922767] cloud-init[939]: SHA256:sSsc0mxuaQDNsEk45LzRnUq5+Tz5cXzxd9EOT3IQ4q8 root@ubuntu-xenial
[    9.922891] cloud-init[939]: The key's randomart image is:
[    9.923009] cloud-init[939]: +---[DSA 1024]----+
[    9.923124] cloud-init[939]: |.oo         . .  |
[    9.923279] cloud-init[939]: |=..*o .    . . . |
[[0;32m  OK  [0m] Started System Logging Service.
[    9.923375] cloud-init[939]: | =++oo  .   . .  |
[[0;32m  OK  [0m[    9.940001] cloud-init[939]: |  +.+o   o   . ..|
[    9.940754] cloud-init[939]: | . +o = S  .  +.+|
[    9.940886] cloud-init[939]: |    o*.o..  o. B.|
[    9.941001] cloud-init[939]: |     =B..o .E. .+|
[    9.941115] cloud-init[939]: |     oo.o .   . .|
[    9.941234] cloud-init[939]: |       .         |
] Started /etc/rc.local Compatibility.
[    9.941398] cloud-init[939]: +----[SHA256]-----+
[    9.962271] cloud-init[939]: Generating public/private ecdsa key pair.
[    9.963231] cloud-init[939]: Your identification has been saved in /etc/ssh/ssh_host_ecdsa_key.
[    9.967860] cloud-init[939]: Your public key has been saved in /etc/ssh/ssh_host_ecdsa_key.pub.
[    9.980057] cloud-init[939]: The key fingerprint is:
[    9.988084] cloud-init[939]: SHA256:pgf5nfTkMS9c5OP5oP0sIH89cUDuv6qP5jcbkJc7EZY root@ubuntu-xenial
[    9.996908] cloud-init[939]: The key's randomart image is:
[[   10.005858] cloud-init[939]: +---[ECDSA 256]---+
[   10.006244] cloud-init[939]: |                 |
[   10.006483] cloud-init[939]: |              o  |
[   10.006591] cloud-init[939]: |             E.  |
[   10.006712] cloud-init[939]: |       .    oo=  |
[   10.006870] cloud-init[939]: |      o S .o+=+. |
[   10.006902] cloud-init[939]: |       = o.*+*++.|
[0;32m  OK  [0m] Started Login to default iSCSI targets.
[   10.006934] cloud-init[939]: |      . o oo===oo|
[   10.017537] cloud-init[939]: |       .   .o*==o|
[   10.024105] [[0;32m  OK  [0m] Started LXD - container startup/shutdown.
cloud-init[939]: |          o+===+*|
[   10.026893] [[0;32m  OK  [0m] Started Snappy daemon.
cloud-init[939]: +----[SHA256]-----+
[   10.032042] cloud-init[939]: Generating public/private ed25519 key pair.
[   10.035289] cloud-init[939]: Your identification has been saved in /etc/ssh/ssh_host_ed25519_key.
[   10.042133] cloud-init[939]: Your public key has been saved in /etc/ssh/ssh_host_ed25519_key.pub.
[   10.055191] [[0;32m  OK  [0m] Started LSB: MD monitoring daemon.
cloud-init[939]: The key fingerprint is:
[   10.056992] cloud-init[939]: SHA256:j4S8TOMzVE5IxhcQ+xG2QsDSE8weRr0mUgjiI2YbOus root@ubuntu-xenial
[   10.060646] cloud-init[939]: The key's randomart image is:
[   10.064775] [[0;32m  OK  [0m] Started LSB: Record successful boot for GRUB.
cloud-init[939]: +--[ED25519 256]--+
[   10.071709] [[0;32m  OK  [0m] Started Login Service.
cloud-init[939]: |o. B+=*o+.       |
[   10.073672] cloud-init[939]: |o o X+o+.o       |
         Starting Authenticate and Authorize Users to Run Privileged Tasks...
[   10.085616] cloud-init         Starting Wait until snapd is fully seeded...
[[0;32m  OK  [0m] Reached target Remote File Systems (Pre).
[[0;32m  OK  [0m] Reached target Remote File Systems.
         Starting LSB: automatic crash report generation...
         Starting LSB: Set the CPU Frequency Scaling governor to "ondemand"...
         Starting Permit User Sessions...
         Starting LSB: daemon to balance interrupts for SMP systems...
[939]: |.* = o+o=        |
[   10.101302] cloud-init[939]: |= = o.oB .       |
[[0;32m  OK  [0m] Started Permit User Sessions.
         Starting Terminate Plymouth Boot Screen...
         Starting Hold until boot process finishes up...
[   10.122142] cloud-init[939]: |o. . o* S        |
[   10.136777] [[0;32m  OK  [0m] Started Terminate Plymouth Boot Screen.
[[0;32m  OK  [0m] Started Virtualbox guest utils.
cloud-init[939]: | o   = + o       |
[   10.150071] [cloud-init[0;32m  OK  [0m[939]: ] |.     * . .      |Started Hold until boot process finishes up.

[   10.150448] cloud-init[939]: |.      o         |
[[0;32m  OK  [0m] Started Authenticate and Authorize Users to Run Privileged Tasks.
[   10.161255] cloud-init[[0;32m  OK  [0m] Started Accounts Service.
[939]: | E               |
[   10.163038] cloud-init[939]: +----[SHA256]-----+
         Starting Set console scheme...
[[0;32m  OK  [0m] Started Getty on tty1.
[[0;32m  OK  [0m] Started Serial Getty on ttyS0.
[[0;32m  OK  [0m] Reached target Login Prompts.
[[0;32m  OK  [0m] Started LSB: Set the CPU Frequency Scaling governor to "ondemand".
[[0;32m  OK  [0m] Started Set console scheme.
[[0;32m  OK  [0m] Started LSB: automatic crash report generation.
[[0;32m  OK  [0m] Started LSB: daemon to balance interrupts for SMP systems.
[[0;32m  OK  [0m] Started Pollinate to seed the pseudo random number generator.
         Starting OpenBSD Secure Shell server...
[[0;32m  OK  [0m] Started OpenBSD Secure Shell server.
[[0;32m  OK  [0m] Started Wait until snapd is fully seeded.
         Starting Apply the settings specified in cloud-config...
[[0;32m  OK  [0m] Reached target Multi-User System.
[[0;32m  OK  [0m] Reached target Graphical Interface.
         Starting Update UTMP about System Runlevel Changes...
[[0;32m  OK  [0m] Started Update UTMP about System Runlevel Changes.
[   11.014287] cloud-init[1270]: Generating locales (this might take a while)...
[   11.895377] cloud-init[1270]:   en_US.UTF-8... done
[   11.896377] cloud-init[1270]: Generation complete.
[   12.109480] cloud-init[1270]: Cloud-init v. 18.4-0ubuntu1~16.04.2 running 'modules:config' at Sat, 26 Jan 2019 11:29:11 +0000. Up 10.93 seconds.
[[0;32m  OK  [0m] Started Apply the settings specified in cloud-config.
         Starting Execute cloud user/final scripts...
[[0;32m  OK  [0m] Created slice User Slice of vagrant.
         Starting User Manager for UID 1000...
[[0;32m  OK  [0m] Started Session 1 of user vagrant.
[[0;32m  OK  [0m] Started User Manager for UID 1000.
ci-info: no authorized ssh keys fingerprints found for user ubuntu.
<14>Jan 26 11:29:12 ec2: 
<14>Jan 26 11:29:12 ec2: #############################################################
<14>Jan 26 11:29:12 ec2: -----BEGIN SSH HOST KEY FINGERPRINTS-----
<14>Jan 26 11:29:12 ec2: 1024 SHA256:sSsc0mxuaQDNsEk45LzRnUq5+Tz5cXzxd9EOT3IQ4q8 root@ubuntu-xenial (DSA)
<14>Jan 26 11:29:12 ec2: 256 SHA256:pgf5nfTkMS9c5OP5oP0sIH89cUDuv6qP5jcbkJc7EZY root@ubuntu-xenial (ECDSA)
<14>Jan 26 11:29:12 ec2: 256 SHA256:j4S8TOMzVE5IxhcQ+xG2QsDSE8weRr0mUgjiI2YbOus root@ubuntu-xenial (ED25519)
<14>Jan 26 11:29:12 ec2: 2048 SHA256:Ymp0MNx9BaA2v7kCD34ZX15SuQe64eUIHah+FRJma60 root@ubuntu-xenial (RSA)
<14>Jan 26 11:29:12 ec2: -----END SSH HOST KEY FINGERPRINTS-----
<14>Jan 26 11:29:12 ec2: #############################################################
-----BEGIN SSH HOST KEY KEYS-----
ecdsa-sha2-nistp256 AAAAE2VjZHNhLXNoYTItbmlzdHAyNTYAAAAIbmlzdHAyNTYAAABBBCD8RqwkhifDCgURyOLWndr5E1/J7T7EawW0HKb/hU7tjTje3wtZwpcp9W3g+Q+9g/N1StV4Hw36pabcpFZkaZ0= root@ubuntu-xenial
ssh-ed25519 AAAAC3NzaC1lZDI1NTE5AAAAIGdkUgb4i36wd2nbP1KVeCmwgVIHwZt1H0S1KvmAHKpz root@ubuntu-xenial
ssh-rsa AAAAB3NzaC1yc2EAAAADAQABAAABAQDyfRCLGHAf3x84b51T5ghwpRkQglk6WaZFLlYROqW9zrj/eI+Q3r2eTItrcBLypi0IwSMff2JS1z9DAabUEQ3bgr76SqXCiyh9oiDmsaZpGUp4Z+O7kpgXF10xkLimwiX314OBTXGLfpjk/erKlD1F+4exCYbZcLoQZKAlBlSrfD3ATKVdc/BJSgrqleff31Uw2onu9pWLT6gsK8pzhUEMhyBjE9BeZD4plKCxnwrDDtXRcZs4ISDaBG3t4wRZ/1hp2k88PkoKE9Ey70TuZ+Cba5Z74IIn0azI53Gm0U1WQ8JUpQSMsajXWZVMgzp9bP2YuJf0HBRlErv8ZkLpV1Kj root@ubuntu-xenial
-----END SSH HOST KEY KEYS-----
[   12.567558] cloud-init[1315]: Cloud-init v. 18.4-0ubuntu1~16.04.2 running 'modules:final' at Sat, 26 Jan 2019 11:29:12 +0000. Up 12.42 seconds.
[   12.570853] cloud-init[1315]: ci-info: no authorized ssh keys fingerprints found for user ubuntu.
[   12.572560] cloud-init[1315]: Cloud-init v. 18.4-0ubuntu1~16.04.2 finished at Sat, 26 Jan 2019 11:29:12 +0000. Datasource DataSourceNoCloud [seed=/dev/sdb][dsmode=net].  Up 12.55 seconds
[[0;32m  OK  [0m] Started Execute cloud user/final scripts.
[[0;32m  OK  [0m] Reached target Cloud-init target.

Ubuntu 16.04.5 LTS ubuntu-xenial ttyS0

ubuntu-xenial login: 